<?xml version="1.0" encoding="UTF-8"?>
<!-- Generated by org.testng.reporters.JUnitReportReporter -->
<testsuite skipped="0" hostname="Juans-MacBook-Pro-2.local" name="tests.SendContactMessageWithoutEmail" tests="1" failures="0" timestamp="21 Apr 2020 17:35:22 GMT" time="3.317" errors="0">
  <testcase name="sendContactMessage" time="3.317" classname="tests.SendContactMessageWithoutEmail"/>
</testsuite> <!-- tests.SendContactMessageWithoutEmail -->
